v8-version,10,1,124,8,-node.13,0
v8-platform,linux,linux
new,CodeRange,0x5685000,0
new,MemoryChunk,0x2604b440000,262144
new,MemoryChunk,0x2732a4480000,262144
new,MemoryChunk,0x321916240000,262144
new,MemoryChunk,0x3576e71c0000,262144
new,MemoryChunk,0x30fce1740000,262144
heap-capacity,1030944
heap-available,2198574656
new,MemoryChunk,0x48c8d100000,262144
new,MemoryChunk,0x2dfc75bc0000,262144
new,MemoryChunk,0x35797ba40000,262144
new,MemoryChunk,0x3c8a1d540000,262144
new,MemoryChunk,0x1be115100000,262144
new,MemoryChunk,0x1ce0e8980000,262144
new,MemoryChunk,0x149f005c0000,262144
new,MemoryChunk,0x2c34fd2c0000,262144
new,MemoryChunk,0x193f0cc0000,262144
new,MemoryChunk,0x56c0000,262144
new,MemoryChunk,0xfb94b300000,262144
new,MemoryChunk,0x3a3613280000,262144
new,MemoryChunk,0x3cade9980000,262144
new,MemoryChunk,0x3ed209540000,262144
new,MemoryChunk,0x192103f80000,262144
new,MemoryChunk,0x29b248200000,262144
new,MemoryChunk,0x2846a4080000,262144
new,MemoryChunk,0x1b055a300000,262144
new,MemoryChunk,0x126f85880000,262144
new,MemoryChunk,0x5700000,262144
new,MemoryChunk,0x293cf2240000,262144
new,MemoryChunk,0x44859ec0000,262144
new,MemoryChunk,0x388e1dcc0000,262144
new,MemoryChunk,0x395443900000,262144
new,MemoryChunk,0x210570c40000,262144
new,MemoryChunk,0x183765f80000,262144
new,MemoryChunk,0x1cc8dfd40000,262144
new,MemoryChunk,0x375458c80000,262144
new,MemoryChunk,0x2d303cc00000,262144
new,MemoryChunk,0x2b6f969c0000,262144
delete,MemoryChunk,0x2732a4480000
delete,MemoryChunk,0x321916240000
delete,MemoryChunk,0x3576e71c0000
delete,MemoryChunk,0x30fce1740000
new,MemoryChunk,0x1cbf53f80000,262144
new,MemoryChunk,0xe8b62ac0000,262144
new,MemoryChunk,0x921d6540000,262144
new,MemoryChunk,0x39e98a600000,262144
delete,MemoryChunk,0x126f85880000
delete,MemoryChunk,0x2d303cc00000
delete,MemoryChunk,0x2846a4080000
delete,MemoryChunk,0x44859ec0000
delete,MemoryChunk,0x388e1dcc0000
delete,MemoryChunk,0x29b248200000
delete,MemoryChunk,0x210570c40000
delete,MemoryChunk,0x183765f80000
delete,MemoryChunk,0x1cc8dfd40000
delete,MemoryChunk,0x375458c80000
